TN:
SF:src/Counter.sol
FN:7,Counter.setNumber
FNDA:256,Counter.setNumber
DA:8,256
FN:11,Counter.increment
FNDA:1,Counter.increment
DA:12,1
FNF:2
FNH:2
LF:2
LH:2
BRF:0
BRH:0
end_of_record
TN:
SF:src/Lottery.sol
FN:72,Lottery.listLottery
FNDA:0,Lottery.listLottery
DA:77,0
DA:78,0
DA:85,0
FN:88,Lottery.closeLotteryAndCallChainlinkCoordinator
FNDA:0,Lottery.closeLotteryAndCallChainlinkCoordinator
DA:92,0
DA:93,0
DA:94,0
DA:95,0
FN:102,Lottery.verifyList
FNDA:0,Lottery.verifyList
DA:106,0
DA:107,0
DA:108,0
DA:110,0
DA:111,0
DA:113,0
BRDA:113,0,0,-
BRDA:113,0,1,-
DA:114,0
DA:118,0
DA:123,0
FN:130,Lottery.requestRandomWords
FNDA:0,Lottery.requestRandomWords
DA:134,0
DA:141,0
DA:146,0
DA:147,0
DA:148,0
FN:151,Lottery.fulfillRandomWords
FNDA:0,Lottery.fulfillRandomWords
DA:155,0
BRDA:155,1,0,-
BRDA:155,1,1,-
DA:156,0
DA:157,0
DA:158,0
DA:159,0
FN:167,Lottery.getRequestStatus
FNDA:0,Lottery.getRequestStatus
DA:170,0
BRDA:170,2,0,-
BRDA:170,2,1,-
DA:171,0
DA:172,0
FN:189,Lottery.getBlocktime
FNDA:0,Lottery.getBlocktime
DA:190,0
FN:197,Lottery.getReceiveToken
FNDA:0,Lottery.getReceiveToken
DA:198,0
DA:199,0
FN:202,Lottery.rawFulfillRandomWords
FNDA:0,Lottery.rawFulfillRandomWords
DA:203,0
BRDA:203,3,0,-
BRDA:203,3,1,-
DA:204,0
DA:206,0
FNF:9
FNH:0
LF:35
LH:0
BRF:8
BRH:0
end_of_record
TN:
SF:test/Counter.t.sol
FN:55,Helper.whoCalled
FNDA:0,Helper.whoCalled
DA:56,0
FN:59,Helper.emitIt
FNDA:1,Helper.emitIt
DA:60,1
FN:63,Helper.revertIt
FNDA:1,Helper.revertIt
DA:64,1
FNF:3
FNH:2
LF:3
LH:2
BRF:0
BRH:0
end_of_record
